<?xml version="1.0" encoding="UTF-8"?>
<!-- Generated by org.testng.reporters.JUnitReportReporter -->
<testsuite hostname="DESKTOP-N3MPJDN" failures="0" tests="5" name="AirportTest" time="0.136" errors="0" timestamp="2021-11-14T20:44:57 MSK" skipped="0">
  <testcase classname="AirportTest" name="testHasAtLeastOneBomberInMilitaryPlanes" time="0.001"/>
  <testcase classname="AirportTest" name="testGetPassengerPlaneWithMaxCapacity" time="0.097"/>
  <testcase classname="AirportTest" name="testSortingPlanesByMaxLoadCapacity" time="0.002"/>
  <testcase classname="AirportTest" name="testExperimentalPlanesHasClassificationLevelHigherThanUnclassified" time="0.033"/>
  <testcase classname="AirportTest" name="testGetTransportMilitaryPlanes" time="0.003"/>
</testsuite> <!-- AirportTest -->
